<component name="libraryTable">
  <library name="junit:junit:4.7" type="repository">
    <properties maven-id="junit:junit:4.7" />
    <CLASSES>
      <root url="jar://$MAVEN_REPOSITORY$/junit/junit/4.7/junit-4.7.jar!/" />
      <root url="jar://$MAVEN_REPOSITORY$/junit/junit/4.7/junit-4.7.jar!/" />
      <root url="jar://$MAVEN_REPOSITORY$/junit/junit/4.7/junit-4.7.jar!/" />
    </CLASSES>
    <JAVADOC />
    <SOURCES>
      <root url="jar://$MAVEN_REPOSITORY$/junit/junit/4.7/junit-4.7-sources.jar!/" />
      <root url="jar://$MAVEN_REPOSITORY$/junit/junit/4.7/junit-4.7-sources.jar!/" />
      <root url="jar://$MAVEN_REPOSITORY$/junit/junit/4.7/junit-4.7-sources.jar!/" />
    </SOURCES>
  </library>
</component>